
Epoch 1

BATCH LOSS IS NAN!! Printing out...
FOR P: ################################################
W1[]
b1[]
mul1[[ 159    0]
 [ 159    1]
 [ 159    2]
 ..., 
 [ 159 2397]
 [ 159 2398]
 [ 159 2399]]
r1[[ 159    0]
 [ 159    1]
 [ 159    2]
 ..., 
 [ 159 2397]
 [ 159 2398]
 [ 159 2399]]
W2[]
b2[]
mul2[[159   0]
 [159   1]
 [159   2]
 [159   3]
 [159   4]
 [159   5]
 [159   6]
 [159   7]
 [159   8]
 [159   9]
 [159  10]
 [159  11]
 [159  12]
 [159  13]
 [159  14]
 [159  15]
 [159  16]
 [159  17]
 [159  18]
 [159  19]
 [159  20]
 [159  21]
 [159  22]
 [159  23]
 [159  24]
 [159  25]
 [159  26]
 [159  27]
 [159  28]
 [159  29]
 [159  30]
 [159  31]
 [159  32]
 [159  33]
 [159  34]
 [159  35]
 [159  36]
 [159  37]
 [159  38]
 [159  39]
 [159  40]
 [159  41]
 [159  42]
 [159  43]
 [159  44]
 [159  45]
 [159  46]
 [159  47]
 [159  48]
 [159  49]
 [159  50]
 [159  51]
 [159  52]
 [159  53]
 [159  54]
 [159  55]
 [159  56]
 [159  57]
 [159  58]
 [159  59]
 [159  60]
 [159  61]
 [159  62]
 [159  63]
 [159  64]
 [159  65]
 [159  66]
 [159  67]
 [159  68]
 [159  69]
 [159  70]
 [159  71]
 [159  72]
 [159  73]
 [159  74]
 [159  75]
 [159  76]
 [159  77]
 [159  78]
 [159  79]
 [159  80]
 [159  81]
 [159  82]
 [159  83]
 [159  84]
 [159  85]
 [159  86]
 [159  87]
 [159  88]
 [159  89]
 [159  90]
 [159  91]
 [159  92]
 [159  93]
 [159  94]
 [159  95]
 [159  96]
 [159  97]
 [159  98]
 [159  99]
 [159 100]
 [159 101]
 [159 102]
 [159 103]
 [159 104]
 [159 105]
 [159 106]
 [159 107]
 [159 108]
 [159 109]
 [159 110]
 [159 111]
 [159 112]
 [159 113]
 [159 114]
 [159 115]
 [159 116]
 [159 117]
 [159 118]
 [159 119]
 [159 120]
 [159 121]
 [159 122]
 [159 123]
 [159 124]
 [159 125]
 [159 126]
 [159 127]
 [159 128]
 [159 129]
 [159 130]
 [159 131]
 [159 132]
 [159 133]
 [159 134]
 [159 135]
 [159 136]
 [159 137]
 [159 138]
 [159 139]
 [159 140]
 [159 141]
 [159 142]
 [159 143]
 [159 144]
 [159 145]
 [159 146]
 [159 147]
 [159 148]
 [159 149]
 [159 150]
 [159 151]
 [159 152]
 [159 153]
 [159 154]
 [159 155]
 [159 156]
 [159 157]
 [159 158]
 [159 159]
 [159 160]
 [159 161]
 [159 162]
 [159 163]
 [159 164]
 [159 165]
 [159 166]
 [159 167]
 [159 168]
 [159 169]
 [159 170]
 [159 171]
 [159 172]
 [159 173]
 [159 174]
 [159 175]
 [159 176]
 [159 177]
 [159 178]
 [159 179]
 [159 180]
 [159 181]
 [159 182]
 [159 183]
 [159 184]
 [159 185]
 [159 186]
 [159 187]
 [159 188]
 [159 189]
 [159 190]
 [159 191]
 [159 192]
 [159 193]
 [159 194]
 [159 195]
 [159 196]
 [159 197]
 [159 198]
 [159 199]
 [159 200]
 [159 201]
 [159 202]
 [159 203]
 [159 204]
 [159 205]
 [159 206]
 [159 207]
 [159 208]
 [159 209]
 [159 210]
 [159 211]
 [159 212]
 [159 213]
 [159 214]
 [159 215]
 [159 216]
 [159 217]
 [159 218]
 [159 219]
 [159 220]
 [159 221]
 [159 222]
 [159 223]
 [159 224]
 [159 225]
 [159 226]
 [159 227]
 [159 228]
 [159 229]
 [159 230]
 [159 231]
 [159 232]
 [159 233]
 [159 234]
 [159 235]
 [159 236]
 [159 237]
 [159 238]
 [159 239]
 [159 240]
 [159 241]
 [159 242]
 [159 243]
 [159 244]
 [159 245]
 [159 246]
 [159 247]
 [159 248]
 [159 249]
 [159 250]
 [159 251]
 [159 252]
 [159 253]
 [159 254]
 [159 255]
 [159 256]
 [159 257]
 [159 258]
 [159 259]
 [159 260]
 [159 261]
 [159 262]
 [159 263]
 [159 264]
 [159 265]
 [159 266]
 [159 267]
 [159 268]
 [159 269]
 [159 270]
 [159 271]
 [159 272]
 [159 273]
 [159 274]
 [159 275]
 [159 276]
 [159 277]
 [159 278]
 [159 279]
 [159 280]
 [159 281]
 [159 282]
 [159 283]
 [159 284]
 [159 285]
 [159 286]
 [159 287]
 [159 288]
 [159 289]
 [159 290]
 [159 291]
 [159 292]
 [159 293]
 [159 294]
 [159 295]
 [159 296]
 [159 297]
 [159 298]
 [159 299]]
r2[[159   0]
 [159   1]
 [159   2]
 [159   3]
 [159   4]
 [159   5]
 [159   6]
 [159   7]
 [159   8]
 [159   9]
 [159  10]
 [159  11]
 [159  12]
 [159  13]
 [159  14]
 [159  15]
 [159  16]
 [159  17]
 [159  18]
 [159  19]
 [159  20]
 [159  21]
 [159  22]
 [159  23]
 [159  24]
 [159  25]
 [159  26]
 [159  27]
 [159  28]
 [159  29]
 [159  30]
 [159  31]
 [159  32]
 [159  33]
 [159  34]
 [159  35]
 [159  36]
 [159  37]
 [159  38]
 [159  39]
 [159  40]
 [159  41]
 [159  42]
 [159  43]
 [159  44]
 [159  45]
 [159  46]
 [159  47]
 [159  48]
 [159  49]
 [159  50]
 [159  51]
 [159  52]
 [159  53]
 [159  54]
 [159  55]
 [159  56]
 [159  57]
 [159  58]
 [159  59]
 [159  60]
 [159  61]
 [159  62]
 [159  63]
 [159  64]
 [159  65]
 [159  66]
 [159  67]
 [159  68]
 [159  69]
 [159  70]
 [159  71]
 [159  72]
 [159  73]
 [159  74]
 [159  75]
 [159  76]
 [159  77]
 [159  78]
 [159  79]
 [159  80]
 [159  81]
 [159  82]
 [159  83]
 [159  84]
 [159  85]
 [159  86]
 [159  87]
 [159  88]
 [159  89]
 [159  90]
 [159  91]
 [159  92]
 [159  93]
 [159  94]
 [159  95]
 [159  96]
 [159  97]
 [159  98]
 [159  99]
 [159 100]
 [159 101]
 [159 102]
 [159 103]
 [159 104]
 [159 105]
 [159 106]
 [159 107]
 [159 108]
 [159 109]
 [159 110]
 [159 111]
 [159 112]
 [159 113]
 [159 114]
 [159 115]
 [159 116]
 [159 117]
 [159 118]
 [159 119]
 [159 120]
 [159 121]
 [159 122]
 [159 123]
 [159 124]
 [159 125]
 [159 126]
 [159 127]
 [159 128]
 [159 129]
 [159 130]
 [159 131]
 [159 132]
 [159 133]
 [159 134]
 [159 135]
 [159 136]
 [159 137]
 [159 138]
 [159 139]
 [159 140]
 [159 141]
 [159 142]
 [159 143]
 [159 144]
 [159 145]
 [159 146]
 [159 147]
 [159 148]
 [159 149]
 [159 150]
 [159 151]
 [159 152]
 [159 153]
 [159 154]
 [159 155]
 [159 156]
 [159 157]
 [159 158]
 [159 159]
 [159 160]
 [159 161]
 [159 162]
 [159 163]
 [159 164]
 [159 165]
 [159 166]
 [159 167]
 [159 168]
 [159 169]
 [159 170]
 [159 171]
 [159 172]
 [159 173]
 [159 174]
 [159 175]
 [159 176]
 [159 177]
 [159 178]
 [159 179]
 [159 180]
 [159 181]
 [159 182]
 [159 183]
 [159 184]
 [159 185]
 [159 186]
 [159 187]
 [159 188]
 [159 189]
 [159 190]
 [159 191]
 [159 192]
 [159 193]
 [159 194]
 [159 195]
 [159 196]
 [159 197]
 [159 198]
 [159 199]
 [159 200]
 [159 201]
 [159 202]
 [159 203]
 [159 204]
 [159 205]
 [159 206]
 [159 207]
 [159 208]
 [159 209]
 [159 210]
 [159 211]
 [159 212]
 [159 213]
 [159 214]
 [159 215]
 [159 216]
 [159 217]
 [159 218]
 [159 219]
 [159 220]
 [159 221]
 [159 222]
 [159 223]
 [159 224]
 [159 225]
 [159 226]
 [159 227]
 [159 228]
 [159 229]
 [159 230]
 [159 231]
 [159 232]
 [159 233]
 [159 234]
 [159 235]
 [159 236]
 [159 237]
 [159 238]
 [159 239]
 [159 240]
 [159 241]
 [159 242]
 [159 243]
 [159 244]
 [159 245]
 [159 246]
 [159 247]
 [159 248]
 [159 249]
 [159 250]
 [159 251]
 [159 252]
 [159 253]
 [159 254]
 [159 255]
 [159 256]
 [159 257]
 [159 258]
 [159 259]
 [159 260]
 [159 261]
 [159 262]
 [159 263]
 [159 264]
 [159 265]
 [159 266]
 [159 267]
 [159 268]
 [159 269]
 [159 270]
 [159 271]
 [159 272]
 [159 273]
 [159 274]
 [159 275]
 [159 276]
 [159 277]
 [159 278]
 [159 279]
 [159 280]
 [159 281]
 [159 282]
 [159 283]
 [159 284]
 [159 285]
 [159 286]
 [159 287]
 [159 288]
 [159 289]
 [159 290]
 [159 291]
 [159 292]
 [159 293]
 [159 294]
 [159 295]
 [159 296]
 [159 297]
 [159 298]
 [159 299]]
FOR H: ################################################
W1[]
b1[]
mul1[[ 132    0]
 [ 132    1]
 [ 132    2]
 ..., 
 [ 132 2397]
 [ 132 2398]
 [ 132 2399]]
r1[[ 132    0]
 [ 132    1]
 [ 132    2]
 ..., 
 [ 132 2397]
 [ 132 2398]
 [ 132 2399]]
W2[]
b2[]
mul2[[132   0]
 [132   1]
 [132   2]
 [132   3]
 [132   4]
 [132   5]
 [132   6]
 [132   7]
 [132   8]
 [132   9]
 [132  10]
 [132  11]
 [132  12]
 [132  13]
 [132  14]
 [132  15]
 [132  16]
 [132  17]
 [132  18]
 [132  19]
 [132  20]
 [132  21]
 [132  22]
 [132  23]
 [132  24]
 [132  25]
 [132  26]
 [132  27]
 [132  28]
 [132  29]
 [132  30]
 [132  31]
 [132  32]
 [132  33]
 [132  34]
 [132  35]
 [132  36]
 [132  37]
 [132  38]
 [132  39]
 [132  40]
 [132  41]
 [132  42]
 [132  43]
 [132  44]
 [132  45]
 [132  46]
 [132  47]
 [132  48]
 [132  49]
 [132  50]
 [132  51]
 [132  52]
 [132  53]
 [132  54]
 [132  55]
 [132  56]
 [132  57]
 [132  58]
 [132  59]
 [132  60]
 [132  61]
 [132  62]
 [132  63]
 [132  64]
 [132  65]
 [132  66]
 [132  67]
 [132  68]
 [132  69]
 [132  70]
 [132  71]
 [132  72]
 [132  73]
 [132  74]
 [132  75]
 [132  76]
 [132  77]
 [132  78]
 [132  79]
 [132  80]
 [132  81]
 [132  82]
 [132  83]
 [132  84]
 [132  85]
 [132  86]
 [132  87]
 [132  88]
 [132  89]
 [132  90]
 [132  91]
 [132  92]
 [132  93]
 [132  94]
 [132  95]
 [132  96]
 [132  97]
 [132  98]
 [132  99]
 [132 100]
 [132 101]
 [132 102]
 [132 103]
 [132 104]
 [132 105]
 [132 106]
 [132 107]
 [132 108]
 [132 109]
 [132 110]
 [132 111]
 [132 112]
 [132 113]
 [132 114]
 [132 115]
 [132 116]
 [132 117]
 [132 118]
 [132 119]
 [132 120]
 [132 121]
 [132 122]
 [132 123]
 [132 124]
 [132 125]
 [132 126]
 [132 127]
 [132 128]
 [132 129]
 [132 130]
 [132 131]
 [132 132]
 [132 133]
 [132 134]
 [132 135]
 [132 136]
 [132 137]
 [132 138]
 [132 139]
 [132 140]
 [132 141]
 [132 142]
 [132 143]
 [132 144]
 [132 145]
 [132 146]
 [132 147]
 [132 148]
 [132 149]
 [132 150]
 [132 151]
 [132 152]
 [132 153]
 [132 154]
 [132 155]
 [132 156]
 [132 157]
 [132 158]
 [132 159]
 [132 160]
 [132 161]
 [132 162]
 [132 163]
 [132 164]
 [132 165]
 [132 166]
 [132 167]
 [132 168]
 [132 169]
 [132 170]
 [132 171]
 [132 172]
 [132 173]
 [132 174]
 [132 175]
 [132 176]
 [132 177]
 [132 178]
 [132 179]
 [132 180]
 [132 181]
 [132 182]
 [132 183]
 [132 184]
 [132 185]
 [132 186]
 [132 187]
 [132 188]
 [132 189]
 [132 190]
 [132 191]
 [132 192]
 [132 193]
 [132 194]
 [132 195]
 [132 196]
 [132 197]
 [132 198]
 [132 199]
 [132 200]
 [132 201]
 [132 202]
 [132 203]
 [132 204]
 [132 205]
 [132 206]
 [132 207]
 [132 208]
 [132 209]
 [132 210]
 [132 211]
 [132 212]
 [132 213]
 [132 214]
 [132 215]
 [132 216]
 [132 217]
 [132 218]
 [132 219]
 [132 220]
 [132 221]
 [132 222]
 [132 223]
 [132 224]
 [132 225]
 [132 226]
 [132 227]
 [132 228]
 [132 229]
 [132 230]
 [132 231]
 [132 232]
 [132 233]
 [132 234]
 [132 235]
 [132 236]
 [132 237]
 [132 238]
 [132 239]
 [132 240]
 [132 241]
 [132 242]
 [132 243]
 [132 244]
 [132 245]
 [132 246]
 [132 247]
 [132 248]
 [132 249]
 [132 250]
 [132 251]
 [132 252]
 [132 253]
 [132 254]
 [132 255]
 [132 256]
 [132 257]
 [132 258]
 [132 259]
 [132 260]
 [132 261]
 [132 262]
 [132 263]
 [132 264]
 [132 265]
 [132 266]
 [132 267]
 [132 268]
 [132 269]
 [132 270]
 [132 271]
 [132 272]
 [132 273]
 [132 274]
 [132 275]
 [132 276]
 [132 277]
 [132 278]
 [132 279]
 [132 280]
 [132 281]
 [132 282]
 [132 283]
 [132 284]
 [132 285]
 [132 286]
 [132 287]
 [132 288]
 [132 289]
 [132 290]
 [132 291]
 [132 292]
 [132 293]
 [132 294]
 [132 295]
 [132 296]
 [132 297]
 [132 298]
 [132 299]]
r2[[132   0]
 [132   1]
 [132   2]
 [132   3]
 [132   4]
 [132   5]
 [132   6]
 [132   7]
 [132   8]
 [132   9]
 [132  10]
 [132  11]
 [132  12]
 [132  13]
 [132  14]
 [132  15]
 [132  16]
 [132  17]
 [132  18]
 [132  19]
 [132  20]
 [132  21]
 [132  22]
 [132  23]
 [132  24]
 [132  25]
 [132  26]
 [132  27]
 [132  28]
 [132  29]
 [132  30]
 [132  31]
 [132  32]
 [132  33]
 [132  34]
 [132  35]
 [132  36]
 [132  37]
 [132  38]
 [132  39]
 [132  40]
 [132  41]
 [132  42]
 [132  43]
 [132  44]
 [132  45]
 [132  46]
 [132  47]
 [132  48]
 [132  49]
 [132  50]
 [132  51]
 [132  52]
 [132  53]
 [132  54]
 [132  55]
 [132  56]
 [132  57]
 [132  58]
 [132  59]
 [132  60]
 [132  61]
 [132  62]
 [132  63]
 [132  64]
 [132  65]
 [132  66]
 [132  67]
 [132  68]
 [132  69]
 [132  70]
 [132  71]
 [132  72]
 [132  73]
 [132  74]
 [132  75]
 [132  76]
 [132  77]
 [132  78]
 [132  79]
 [132  80]
 [132  81]
 [132  82]
 [132  83]
 [132  84]
 [132  85]
 [132  86]
 [132  87]
 [132  88]
 [132  89]
 [132  90]
 [132  91]
 [132  92]
 [132  93]
 [132  94]
 [132  95]
 [132  96]
 [132  97]
 [132  98]
 [132  99]
 [132 100]
 [132 101]
 [132 102]
 [132 103]
 [132 104]
 [132 105]
 [132 106]
 [132 107]
 [132 108]
 [132 109]
 [132 110]
 [132 111]
 [132 112]
 [132 113]
 [132 114]
 [132 115]
 [132 116]
 [132 117]
 [132 118]
 [132 119]
 [132 120]
 [132 121]
 [132 122]
 [132 123]
 [132 124]
 [132 125]
 [132 126]
 [132 127]
 [132 128]
 [132 129]
 [132 130]
 [132 131]
 [132 132]
 [132 133]
 [132 134]
 [132 135]
 [132 136]
 [132 137]
 [132 138]
 [132 139]
 [132 140]
 [132 141]
 [132 142]
 [132 143]
 [132 144]
 [132 145]
 [132 146]
 [132 147]
 [132 148]
 [132 149]
 [132 150]
 [132 151]
 [132 152]
 [132 153]
 [132 154]
 [132 155]
 [132 156]
 [132 157]
 [132 158]
 [132 159]
 [132 160]
 [132 161]
 [132 162]
 [132 163]
 [132 164]
 [132 165]
 [132 166]
 [132 167]
 [132 168]
 [132 169]
 [132 170]
 [132 171]
 [132 172]
 [132 173]
 [132 174]
 [132 175]
 [132 176]
 [132 177]
 [132 178]
 [132 179]
 [132 180]
 [132 181]
 [132 182]
 [132 183]
 [132 184]
 [132 185]
 [132 186]
 [132 187]
 [132 188]
 [132 189]
 [132 190]
 [132 191]
 [132 192]
 [132 193]
 [132 194]
 [132 195]
 [132 196]
 [132 197]
 [132 198]
 [132 199]
 [132 200]
 [132 201]
 [132 202]
 [132 203]
 [132 204]
 [132 205]
 [132 206]
 [132 207]
 [132 208]
 [132 209]
 [132 210]
 [132 211]
 [132 212]
 [132 213]
 [132 214]
 [132 215]
 [132 216]
 [132 217]
 [132 218]
 [132 219]
 [132 220]
 [132 221]
 [132 222]
 [132 223]
 [132 224]
 [132 225]
 [132 226]
 [132 227]
 [132 228]
 [132 229]
 [132 230]
 [132 231]
 [132 232]
 [132 233]
 [132 234]
 [132 235]
 [132 236]
 [132 237]
 [132 238]
 [132 239]
 [132 240]
 [132 241]
 [132 242]
 [132 243]
 [132 244]
 [132 245]
 [132 246]
 [132 247]
 [132 248]
 [132 249]
 [132 250]
 [132 251]
 [132 252]
 [132 253]
 [132 254]
 [132 255]
 [132 256]
 [132 257]
 [132 258]
 [132 259]
 [132 260]
 [132 261]
 [132 262]
 [132 263]
 [132 264]
 [132 265]
 [132 266]
 [132 267]
 [132 268]
 [132 269]
 [132 270]
 [132 271]
 [132 272]
 [132 273]
 [132 274]
 [132 275]
 [132 276]
 [132 277]
 [132 278]
 [132 279]
 [132 280]
 [132 281]
 [132 282]
 [132 283]
 [132 284]
 [132 285]
 [132 286]
 [132 287]
 [132 288]
 [132 289]
 [132 290]
 [132 291]
 [132 292]
 [132 293]
 [132 294]
 [132 295]
 [132 296]
 [132 297]
 [132 298]
 [132 299]]
Loss: nan 

